# JRE version: OpenJDK Runtime Environment (8.0_312-b07) (build 1.8.0_312-b07)
# Java VM: OpenJDK 64-Bit Server VM (25.312-b07 mixed mode windows-amd64 compressed oops)
Heap:
 PSYoungGen      total 146944K, used 110461K [0x00000000f5580000, 0x0000000100000000, 0x0000000100000000)
  eden space 126464K, 75% used [0x00000000f5580000,0x00000000fb227628,0x00000000fd100000)
  from space 20480K, 76% used [0x00000000fd100000,0x00000000fe038020,0x00000000fe500000)
  to   space 20992K, 0% used [0x00000000feb80000,0x00000000feb80000,0x0000000100000000)
 ParOldGen       total 267776K, used 62642K [0x00000000e0000000, 0x00000000f0580000, 0x00000000f5580000)
  object space 267776K, 23% used [0x00000000e0000000,0x00000000e3d2cbf0,0x00000000f0580000)
 Metaspace       used 93900K, capacity 99642K, committed 99840K, reserved 1134592K
  class space    used 12681K, capacity 13741K, committed 13824K, reserved 1048576K
GC Heap History (10 events):
Event: 95.174 GC heap before
{Heap before GC invocations=19 (full 3):
 PSYoungGen      total 149504K, used 137714K [0x00000000f5580000, 0x0000000100000000, 0x0000000100000000)
  eden space 126464K, 99% used [0x00000000f5580000,0x00000000fd0fb378,0x00000000fd100000)
  from space 23040K, 48% used [0x00000000fd100000,0x00000000fdc01788,0x00000000fe780000)
  to   space 22528K, 0% used [0x00000000fea00000,0x00000000fea00000,0x0000000100000000)
 ParOldGen       total 196608K, used 75570K [0x00000000e0000000, 0x00000000ec000000, 0x00000000f5580000)
  object space 196608K, 38% used [0x00000000e0000000,0x00000000e49cc9b8,0x00000000ec000000)
 Metaspace       used 87539K, capacity 92518K, committed 92800K, reserved 1128448K
  class space    used 12155K, capacity 13161K, committed 13184K, reserved 1048576K
Event: 95.191 GC heap after
Heap after GC invocations=19 (full 3):
 PSYoungGen      total 148992K, used 11353K [0x00000000f5580000, 0x00000000ffd80000, 0x0000000100000000)
  eden space 129024K, 0% used [0x00000000f5580000,0x00000000f5580000,0x00000000fd380000)
  from space 19968K, 56% used [0x00000000fea00000,0x00000000ff516648,0x00000000ffd80000)
  to   space 21504K, 0% used [0x00000000fd380000,0x00000000fd380000,0x00000000fe880000)
 ParOldGen       total 196608K, used 85049K [0x00000000e0000000, 0x00000000ec000000, 0x00000000f5580000)
  object space 196608K, 43% used [0x00000000e0000000,0x00000000e530e500,0x00000000ec000000)
 Metaspace       used 87539K, capacity 92518K, committed 92800K, reserved 1128448K
  class space    used 12155K, capacity 13161K, committed 13184K, reserved 1048576K
}
Event: 97.796 GC heap before
{Heap before GC invocations=20 (full 3):
 PSYoungGen      total 148992K, used 140377K [0x00000000f5580000, 0x00000000ffd80000, 0x0000000100000000)
  eden space 129024K, 100% used [0x00000000f5580000,0x00000000fd380000,0x00000000fd380000)
  from space 19968K, 56% used [0x00000000fea00000,0x00000000ff516648,0x00000000ffd80000)
  to   space 21504K, 0% used [0x00000000fd380000,0x00000000fd380000,0x00000000fe880000)
 ParOldGen       total 196608K, used 85049K [0x00000000e0000000, 0x00000000ec000000, 0x00000000f5580000)
  object space 196608K, 43% used [0x00000000e0000000,0x00000000e530e500,0x00000000ec000000)
 Metaspace       used 88944K, capacity 93958K, committed 94080K, reserved 1130496K
  class space    used 12328K, capacity 13355K, committed 13440K, reserved 1048576K
Event: 97.812 GC heap after
Heap after GC invocations=20 (full 3):
 PSYoungGen      total 150528K, used 9323K [0x00000000f5580000, 0x0000000100000000, 0x0000000100000000)
  eden space 129024K, 0% used [0x00000000f5580000,0x00000000f5580000,0x00000000fd380000)
  from space 21504K, 43% used [0x00000000fd380000,0x00000000fdc9ae30,0x00000000fe880000)
  to   space 20992K, 0% used [0x00000000feb80000,0x00000000feb80000,0x0000000100000000)
 ParOldGen       total 196608K, used 90433K [0x00000000e0000000, 0x00000000ec000000, 0x00000000f5580000)
  object space 196608K, 45% used [0x00000000e0000000,0x00000000e5850580,0x00000000ec000000)
 Metaspace       used 88944K, capacity 93958K, committed 94080K, reserved 1130496K
  class space    used 12328K, capacity 13355K, committed 13440K, reserved 1048576K
}
Event: 2885.562 GC heap before
{Heap before GC invocations=21 (full 3):
 PSYoungGen      total 150528K, used 101645K [0x00000000f5580000, 0x0000000100000000, 0x0000000100000000)
  eden space 129024K, 71% used [0x00000000f5580000,0x00000000fafa8758,0x00000000fd380000)
  from space 21504K, 43% used [0x00000000fd380000,0x00000000fdc9ae30,0x00000000fe880000)
  to   space 20992K, 0% used [0x00000000feb80000,0x00000000feb80000,0x0000000100000000)
 ParOldGen       total 196608K, used 90433K [0x00000000e0000000, 0x00000000ec000000, 0x00000000f5580000)
  object space 196608K, 45% used [0x00000000e0000000,0x00000000e5850580,0x00000000ec000000)
 Metaspace       used 93005K, capacity 98478K, committed 98560K, reserved 1134592K
  class space    used 12689K, capacity 13745K, committed 13824K, reserved 1048576K
Event: 2886.106 GC heap after
Heap after GC invocations=21 (full 3):
 PSYoungGen      total 140288K, used 10269K [0x00000000f5580000, 0x00000000ff900000, 0x0000000100000000)
  eden space 126464K, 0% used [0x00000000f5580000,0x00000000f5580000,0x00000000fd100000)
  from space 13824K, 74% used [0x00000000feb80000,0x00000000ff587400,0x00000000ff900000)
  to   space 20480K, 0% used [0x00000000fd100000,0x00000000fd100000,0x00000000fe500000)
 ParOldGen       total 196608K, used 98235K [0x00000000e0000000, 0x00000000ec000000, 0x00000000f5580000)
  object space 196608K, 49% used [0x00000000e0000000,0x00000000e5feef50,0x00000000ec000000)
 Metaspace       used 93005K, capacity 98478K, committed 98560K, reserved 1134592K
  class space    used 12689K, capacity 13745K, committed 13824K, reserved 1048576K
}
Event: 2886.106 GC heap before
{Heap before GC invocations=22 (full 4):
 PSYoungGen      total 140288K, used 10269K [0x00000000f5580000, 0x00000000ff900000, 0x0000000100000000)
  eden space 126464K, 0% used [0x00000000f5580000,0x00000000f5580000,0x00000000fd100000)
  from space 13824K, 74% used [0x00000000feb80000,0x00000000ff587400,0x00000000ff900000)
  to   space 20480K, 0% used [0x00000000fd100000,0x00000000fd100000,0x00000000fe500000)
 ParOldGen       total 196608K, used 98235K [0x00000000e0000000, 0x00000000ec000000, 0x00000000f5580000)
  object space 196608K, 49% used [0x00000000e0000000,0x00000000e5feef50,0x00000000ec000000)
 Metaspace       used 93005K, capacity 98478K, committed 98560K, reserved 1134592K
  class space    used 12689K, capacity 13745K, committed 13824K, reserved 1048576K
Event: 2891.423 GC heap after
Heap after GC invocations=22 (full 4):
 PSYoungGen      total 140288K, used 0K [0x00000000f5580000, 0x00000000ff900000, 0x0000000100000000)
  eden space 126464K, 0% used [0x00000000f5580000,0x00000000f5580000,0x00000000fd100000)
  from space 13824K, 0% used [0x00000000feb80000,0x00000000feb80000,0x00000000ff900000)
  to   space 20480K, 0% used [0x00000000fd100000,0x00000000fd100000,0x00000000fe500000)
 ParOldGen       total 267776K, used 62634K [0x00000000e0000000, 0x00000000f0580000, 0x00000000f5580000)
  object space 267776K, 23% used [0x00000000e0000000,0x00000000e3d2abf0,0x00000000f0580000)
 Metaspace       used 92343K, capacity 97174K, committed 98560K, reserved 1134592K
  class space    used 12501K, capacity 13444K, committed 13824K, reserved 1048576K
}
Event: 2898.556 GC heap before
{Heap before GC invocations=23 (full 4):
 PSYoungGen      total 140288K, used 126464K [0x00000000f5580000, 0x00000000ff900000, 0x0000000100000000)
  eden space 126464K, 100% used [0x00000000f5580000,0x00000000fd100000,0x00000000fd100000)
  from space 13824K, 0% used [0x00000000feb80000,0x00000000feb80000,0x00000000ff900000)
  to   space 20480K, 0% used [0x00000000fd100000,0x00000000fd100000,0x00000000fe500000)
 ParOldGen       total 267776K, used 62634K [0x00000000e0000000, 0x00000000f0580000, 0x00000000f5580000)
  object space 267776K, 23% used [0x00000000e0000000,0x00000000e3d2abf0,0x00000000f0580000)
 Metaspace       used 93220K, capacity 98680K, committed 99072K, reserved 1134592K
  class space    used 12606K, capacity 13623K, committed 13824K, reserved 1048576K
Event: 2898.782 GC heap after
Heap after GC invocations=23 (full 4):
 PSYoungGen      total 146944K, used 15584K [0x00000000f5580000, 0x0000000100000000, 0x0000000100000000)
  eden space 126464K, 0% used [0x00000000f5580000,0x00000000f5580000,0x00000000fd100000)
  from space 20480K, 76% used [0x00000000fd100000,0x00000000fe038020,0x00000000fe500000)
  to   space 20992K, 0% used [0x00000000feb80000,0x00000000feb80000,0x0000000100000000)
 ParOldGen       total 267776K, used 62642K [0x00000000e0000000, 0x00000000f0580000, 0x00000000f5580000)
  object space 267776K, 23% used [0x00000000e0000000,0x00000000e3d2cbf0,0x00000000f0580000)
 Metaspace       used 93220K, capacity 98680K, committed 99072K, reserved 1134592K
  class space    used 12606K, capacity 13623K, committed 13824K, reserved 1048576K
}

